This file contains any messages produced by compilers while
running configure, to aid debugging if configure makes a mistake.

It was created by configure, which was
generated by GNU Autoconf 2.68.  Invocation command line was

  $ ./configure 

## --------- ##
## Platform. ##
## --------- ##

hostname = T400s
uname -m = x86_64
uname -r = 3.1.0-1-amd64
uname -s = Linux
uname -v = #1 SMP Tue Jan 10 05:01:58 UTC 2012

/usr/bin/uname -p = unknown
/bin/uname -X     = unknown

/bin/arch              = unknown
/usr/bin/arch -k       = unknown
/usr/convex/getsysinfo = unknown
/usr/bin/hostinfo      = unknown
/bin/machine           = unknown
/usr/bin/oslevel       = unknown
/bin/universe          = unknown

PATH: /home/krc/bin
PATH: /usr/local/bin
PATH: /usr/bin
PATH: /bin
PATH: /usr/local/games
PATH: /usr/games


## ----------- ##
## Core tests. ##
## ----------- ##

configure:1757: checking for a BSD-compatible install
configure:1825: result: /usr/bin/install -c
configure:1836: checking whether build environment is sane
configure:1886: result: yes
configure:2027: checking for a thread-safe mkdir -p
configure:2066: result: /bin/mkdir -p
configure:2079: checking for gawk
configure:2095: found /usr/bin/gawk
configure:2106: result: gawk
configure:2117: checking whether make sets $(MAKE)
configure:2139: result: yes
configure:2240: checker helt nødvendige programmer og filer
configure:2245: checking for perl
configure:2261: found /usr/bin/perl
configure:2273: result: ja
configure:2289: checking for jade
configure:2305: found /usr/bin/jade
configure:2317: result: ja
configure:2335: checking for jw
configure:2351: found /usr/bin/jw
configure:2363: result: ja
configure:2379: checking for find
configure:2395: found /usr/bin/find
configure:2407: result: ja
configure:2423: checker for generelle programmer
configure:2429: checking for tar
configure:2445: found /bin/tar
configure:2457: result: ja
configure:2471: checking for zip
configure:2487: found /usr/bin/zip
configure:2499: result: ja
configure:2511: checker specifikke krav til de enkelte måder at lave bogen på
configure:2532: checking for db2html
configure:2548: found /usr/bin/db2html
configure:2560: result: ja
configure:2573: checking for tidy
configure:2601: result: nej - du bør installere tidy for at få en pænere HTML udgave
configure:2612: checking om perl modulet Image::Size er installeret
configure:2620: result: nej - overvej at installer det for pænere HTML udgave
configure:2644: checking for db2pdf
configure:2660: found /usr/bin/db2pdf
configure:2672: result: ja
configure:2687: checking for pdfinfo
configure:2703: found /usr/bin/pdfinfo
configure:2715: result: ja
configure:2730: checking for convert
configure:2746: found /usr/bin/convert
configure:2758: result: ja
configure:2783: checking for plucker-build
configure:2811: result: nej - det er ikke muligt at lave PALM udgaven
configure:2824: ==================================================================
configure:2827: Følgende programmer kan med fordel installeres for at få flere muligheder for at bygge bøgerne:  tidy tidy
configure:2835: Oversigt over hvilke moduler der kan laves
configure:2838:  Kan SGML bygges    : ja 
configure:2840:  Kan PALM bygges    : nej 
configure:2842:  Kan PDF bygges     : ja 
configure:2844:  Kan HTML bygges    : ja 
configure:2846:  Kan PAKHTML bygges : ja 
configure:2849: ==================================================================
configure:3151: creating ./config.status

## ---------------------- ##
## Running config.status. ##
## ---------------------- ##

This file was extended by config.status, which was
generated by GNU Autoconf 2.68.  Invocation command line was

  CONFIG_FILES    = 
  CONFIG_HEADERS  = 
  CONFIG_LINKS    = 
  CONFIG_COMMANDS = 
  $ ./config.status 

on T400s

config.status:780: creating Makefile

## ---------------- ##
## Cache variables. ##
## ---------------- ##

ac_cv_env_build_alias_set=
ac_cv_env_build_alias_value=
ac_cv_env_host_alias_set=
ac_cv_env_host_alias_value=
ac_cv_env_target_alias_set=
ac_cv_env_target_alias_value=
ac_cv_path_install='/usr/bin/install -c'
ac_cv_path_mkdir=/bin/mkdir
ac_cv_prog_AWK=gawk
ac_cv_prog_CONVERT=ja
ac_cv_prog_DB2HTML=ja
ac_cv_prog_DB2PDF=ja
ac_cv_prog_FIND=ja
ac_cv_prog_JADE=ja
ac_cv_prog_JW=ja
ac_cv_prog_PDFINFO=ja
ac_cv_prog_PERL=ja
ac_cv_prog_PLUCKER='nej - det er ikke muligt at lave PALM udgaven'
ac_cv_prog_TAR=ja
ac_cv_prog_TIDY='nej - du bør installere tidy for at få en pænere HTML udgave'
ac_cv_prog_ZIP=ja
ac_cv_prog_make_make_set=yes

## ----------------- ##
## Output variables. ##
## ----------------- ##

ACLOCAL='${SHELL} /home/krc/Linuxbog/wm/missing --run aclocal-1.11'
ADD_SUBMITBOX_FALSE=''
ADD_SUBMITBOX_TRUE='#'
AMTAR='$${TAR-tar}'
AUTOCONF='${SHELL} /home/krc/Linuxbog/wm/missing --run autoconf'
AUTOHEADER='${SHELL} /home/krc/Linuxbog/wm/missing --run autoheader'
AUTOMAKE='${SHELL} /home/krc/Linuxbog/wm/missing --run automake-1.11'
AWK='gawk'
BUILD_HTML_FALSE='#'
BUILD_HTML_TRUE=''
BUILD_PAKHTML_FALSE='#'
BUILD_PAKHTML_TRUE=''
BUILD_PALM_FALSE=''
BUILD_PALM_TRUE='#'
BUILD_PDF_FALSE='#'
BUILD_PDF_TRUE=''
BUILD_SGML_FALSE='#'
BUILD_SGML_TRUE=''
CONVERT='ja'
CYGPATH_W='echo'
DB2HTML='ja'
DB2PDF='ja'
DEFS='-DPACKAGE_NAME=\"\" -DPACKAGE_TARNAME=\"\" -DPACKAGE_VERSION=\"\" -DPACKAGE_STRING=\"\" -DPACKAGE_BUGREPORT=\"\" -DPACKAGE_URL=\"\" -DPACKAGE=\"linuxbog\" -DVERSION=\"1\"'
ECHO_C=''
ECHO_N='-n'
ECHO_T=''
FIND='ja'
HAVE_PERL_IMAGE_SIZE_FALSE=''
HAVE_PERL_IMAGE_SIZE_TRUE='#'
HAVE_TIDY_FALSE=''
HAVE_TIDY_TRUE='#'
INSTALL_DATA='${INSTALL} -m 644'
INSTALL_PROGRAM='${INSTALL}'
INSTALL_SCRIPT='${INSTALL}'
INSTALL_STRIP_PROGRAM='$(install_sh) -c -s'
JADE='ja'
JW='ja'
LIBOBJS=''
LIBS=''
LTLIBOBJS=''
MAKEINFO='${SHELL} /home/krc/Linuxbog/wm/missing --run makeinfo'
MKDIR_P='/bin/mkdir -p'
PACKAGE='linuxbog'
PACKAGE_BUGREPORT=''
PACKAGE_NAME=''
PACKAGE_STRING=''
PACKAGE_TARNAME=''
PACKAGE_URL=''
PACKAGE_VERSION=''
PATH_SEPARATOR=':'
PDFINFO='ja'
PERL='ja'
PLUCKER='nej - det er ikke muligt at lave PALM udgaven'
SET_MAKE=''
SHELL='/bin/bash'
STRIP=''
TAR='ja'
TIDY='nej - du bør installere tidy for at få en pænere HTML udgave'
USE_SOFTLINKS_FALSE='#'
USE_SOFTLINKS_TRUE=''
VERSION='1'
ZIP='ja'
am__isrc=''
am__leading_dot='.'
am__tar='$${TAR-tar} chof - "$$tardir"'
am__untar='$${TAR-tar} xf -'
bindir='${exec_prefix}/bin'
build_alias=''
datadir='${datarootdir}'
datarootdir='${prefix}/share'
docdir='${datarootdir}/doc/${PACKAGE}'
dvidir='${docdir}'
exec_prefix='${prefix}'
host_alias=''
htmldir='${docdir}'
includedir='${prefix}/include'
infodir='${datarootdir}/info'
install_sh='${SHELL} /home/krc/Linuxbog/wm/install-sh'
libdir='${exec_prefix}/lib'
libexecdir='${exec_prefix}/libexec'
localedir='${datarootdir}/locale'
localstatedir='${prefix}/var'
mandir='${datarootdir}/man'
mkdir_p='/bin/mkdir -p'
oldincludedir='/usr/include'
pdfdir='${docdir}'
prefix='/usr/local'
program_transform_name='s,x,x,'
psdir='${docdir}'
sbindir='${exec_prefix}/sbin'
sharedstatedir='${prefix}/com'
sysconfdir='${prefix}/etc'
target_alias=''

## ----------- ##
## confdefs.h. ##
## ----------- ##

/* confdefs.h */
#define PACKAGE_NAME ""
#define PACKAGE_TARNAME ""
#define PACKAGE_VERSION ""
#define PACKAGE_STRING ""
#define PACKAGE_BUGREPORT ""
#define PACKAGE_URL ""
#define PACKAGE "linuxbog"
#define VERSION "1"

configure: exit 0
