This is pdfTeX, Version 3.1415926-1.40.10 (TeX Live 2009/Debian) (format=pdfjadetex 2012.2.21)  25 FEB 2012 13:47
 %&-line parsing enabled.
**bog.tex
(/home/krc/Linuxbog/wm/PdfBuildDir/bog.tex
JadeTeX 2003/04/27: 3.13
LaTeX Font Info:    Try loading font information for T1+ptm on input line 1.
(/usr/share/texmf-texlive/tex/latex/psnfss/t1ptm.fd
File: t1ptm.fd 2001/06/04 font definitions for T1/ptm.
)
Elements will be labelled
Jade begin document sequence at 20
(/home/krc/Linuxbog/wm/PdfBuildDir/bog.aux
! Missing \endcsname inserted.
<to be read again> 
                   \T1\ae 
l.407 \pagelabel{xdm-ops\IeC {\ae }tning}{154}
                                              
The control sequence marked <to be read again> should
not appear between \csname and \endcsname.

)
\openout1 = `bog.aux'.

LaTeX Font Info:    Checking defaults for OML/cmm/m/it on input line 20.
LaTeX Font Info:    ... okay on input line 20.
LaTeX Font Info:    Checking defaults for T1/cmr/m/n on input line 20.
LaTeX Font Info:    ... okay on input line 20.
LaTeX Font Info:    Checking defaults for OT1/cmr/m/n on input line 20.
LaTeX Font Info:    ... okay on input line 20.
LaTeX Font Info:    Checking defaults for OMS/cmsy/m/n on input line 20.
LaTeX Font Info:    ... okay on input line 20.
LaTeX Font Info:    Checking defaults for OMX/cmex/m/n on input line 20.
LaTeX Font Info:    ... okay on input line 20.
LaTeX Font Info:    Checking defaults for U/cmr/m/n on input line 20.
LaTeX Font Info:    ... okay on input line 20.
LaTeX Font Info:    Checking defaults for PD1/pdf/m/n on input line 20.
LaTeX Font Info:    ... okay on input line 20.
LaTeX Font Info:    Checking defaults for T3/ptm/m/n on input line 20.
LaTeX Font Info:    Try loading font information for T3+ptm on input line 20.
 (/usr/share/texmf/tex/latex/tipa/t3ptm.fd
File: t3ptm.fd 2001/12/31 TIPA font definitions
)
LaTeX Font Info:    ... okay on input line 20.
LaTeX Font Info:    Checking defaults for TS1/cmr/m/n on input line 20.
LaTeX Font Info:    Try loading font information for TS1+cmr on input line 20.

(/usr/share/texmf-texlive/tex/latex/base/ts1cmr.fd
File: ts1cmr.fd 1999/05/25 v2.5h Standard LaTeX font definitions
)
LaTeX Font Info:    ... okay on input line 20.
LaTeX Font Info:    Checking defaults for LECO/omseco/m/n on input line 20.
LaTeX Font Info:    ... okay on input line 20.
LaTeX Font Info:    Checking defaults for LECX/omsecx/m/n on input line 20.
LaTeX Font Info:    ... okay on input line 20.
LaTeX Font Info:    Checking defaults for LECY/omsecy/m/n on input line 20.
LaTeX Font Info:    ... okay on input line 20.
LaTeX Font Info:    Checking defaults for LEGR/omsegr/m/n on input line 20.
LaTeX Font Info:    ... okay on input line 20.
LaTeX Font Info:    Checking defaults for LEHA/omseha/m/n on input line 20.
LaTeX Font Info:    ... okay on input line 20.
LaTeX Font Info:    Checking defaults for LEIP/omseip/m/n on input line 20.
LaTeX Font Info:    ... okay on input line 20.
LaTeX Font Info:    Checking defaults for LELA/omsela/m/n on input line 20.
LaTeX Font Info:    ... okay on input line 20.
LaTeX Font Info:    Checking defaults for LETI/omseti/m/n on input line 20.
LaTeX Font Info:    ... okay on input line 20.

(/usr/share/texmf-texlive/tex/context/base/supp-pdf.mkii
[Loading MPS to PDF converter (version 2006.09.02).]
\scratchcounter=\count117
\scratchdimen=\dimen132
\scratchbox=\box62
\nofMPsegments=\count118
\nofMParguments=\count119
\everyMPshowfont=\toks24
\MPscratchCnt=\count120
\MPscratchDim=\dimen133
\MPnumerator=\count121
\everyMPtoPDFconversion=\toks25
)
Package hyperref Info: Link coloring ON on input line 20.
 (/usr/share/texmf-texlive/tex/latex/hyperref/nameref.sty
Package: nameref 2007/05/29 v2.31 Cross-referencing by name of section

(/usr/share/texmf-texlive/tex/latex/oberdiek/refcount.sty
Package: refcount 2008/08/11 v3.1 Data extraction from references (HO)
)
\c@section@level=\count122
)
LaTeX Info: Redefining \ref on input line 20.
LaTeX Info: Redefining \pageref on input line 20.

(/home/krc/Linuxbog/wm/PdfBuildDir/bog.out)
(/home/krc/Linuxbog/wm/PdfBuildDir/bog.out)
\@outlinefile=\write3
\openout3 = `bog.out'.

\AtBeginShipoutBox=\box63
LaTeX Font Info:    Try loading font information for T1+phv on input line 100.

(/usr/share/texmf-texlive/tex/latex/psnfss/t1phv.fd
File: t1phv.fd 2001/06/04 scalable font definitions for T1/phv.
)
LaTeX Font Info:    Font shape `T1/phv/bx/n' in size <24.883> not available
(Font)              Font shape `T1/phv/b/n' tried instead on input line 100.
LaTeX Font Info:    Font shape `T1/phv/bx/n' in size <20.736> not available
(Font)              Font shape `T1/phv/b/n' tried instead on input line 115.
LaTeX Font Info:    Font shape `T1/phv/bx/n' in size <17.28> not available
(Font)              Font shape `T1/phv/b/n' tried instead on input line 141.
 [1.0.17{/var/lib/texmf/fonts/map/pdftex/updmap/pdftex.map}]
LaTeX Font Info:    Font shape `T1/phv/bx/n' in size <10> not available
(Font)              Font shape `T1/phv/b/n' tried instead on input line 156.
LaTeX Font Info:    Try loading font information for TS1+ptm on input line 186.


(/usr/share/texmf-texlive/tex/latex/psnfss/ts1ptm.fd
File: ts1ptm.fd 2001/06/04 font definitions for TS1/ptm.
) [2.0.17]

Package Fancyhdr Warning: \fancyfoot's `E' option without twoside option is use
less on input line 299.

LaTeX Font Info:    Font shape `T1/ptm/bx/n' in size <10> not available
(Font)              Font shape `T1/ptm/b/n' tried instead on input line 336.

Package Fancyhdr Warning: \fancyfoot's `E' option without twoside option is use
less on input line 1523.

[3.0.17

] [4.0.17]
! Missing \endcsname inserted.
<to be read again> 
                   \T1\ae 
l.3851 {}
         \Seq%
The control sequence marked <to be read again> should
not appear between \csname and \endcsname.

! Missing \endcsname inserted.
<to be read again> 
                   \T1\ae 
l.3861 {}
         \Node%
The control sequence marked <to be read again> should
not appear between \csname and \endcsname.

! Missing \endcsname inserted.
<to be read again> 
                   \T1\ae 
l.3866 {xdm-ops^^e6tning}}
                          \endNode{}\endSeq{}\endLink{}\endSeq{}\endPar{}\Par%
The control sequence marked <to be read again> should
not appear between \csname and \endcsname.

! Use of \p@xdm-ops doesn't match its definition.
\@Setref ...ace undefined}\else \ifNestedLink {#1}
                                                  \else \hyper@@link [Page]{...
l.3866 {xdm-ops^^e6tning}}
                          \endNode{}\endSeq{}\endLink{}\endSeq{}\endPar{}\Par%
If you say, e.g., `\def\a1{...}', then you must always
put `1' after `\a', since control sequence names are
made up of letters only. The macro here has not been
followed by the required stuff, so I'm ignoring it.

! Extra \endcsname.
\Pageref ...after \@Setref \csname p@#1\endcsname 
                                                  {#1}
l.3866 {xdm-ops^^e6tning}}
                          \endNode{}\endSeq{}\endLink{}\endSeq{}\endPar{}\Par%
I'm ignoring this, since I wasn't doing a \csname.

! Missing } inserted.
<inserted text> 
                }
l.3866 {xdm-ops^^e6tning}}
                          \endNode{}\endSeq{}\endLink{}\endSeq{}\endPar{}\Par%
I've inserted something that you may have forgotten.
(See the <inserted text> above.)
With luck, this will get me unwedged. But if you
really didn't forget anything, try typing `2' now; then
my insertion and my current dilemma will both disappear.

[5.0.17] [6.0.17]

Package Fancyhdr Warning: \fancyfoot's `E' option without twoside option is use
less on input line 4058.


Package Fancyhdr Warning: \fancyfoot's `E' option without twoside option is use
less on input line 5238.

[7.0.17

] [8.0.17] [9.0.17]

Package Fancyhdr Warning: \fancyfoot's `E' option without twoside option is use
less on input line 6749.


Package Fancyhdr Warning: \fancyhead's `E' option without twoside option is use
less on input line 6749.

LaTeX Font Info:    Font shape `T1/phv/bx/it' in size <17.28> not available
(Font)              Font shape `T1/phv/b/it' tried instead on input line 6791.
LaTeX Font Info:    Font shape `T1/phv/b/it' in size <17.28> not available
(Font)              Font shape `T1/phv/b/sl' tried instead on input line 6791.

Package Fancyhdr Warning: \fancyfoot's `E' option without twoside option is use
less on input line 7463.

[10.0.17

] <licens.png, id=841, 305.14pt x 79.29625pt>
File: licens.png Graphic file (type png)
 <use licens.png> [11.0.17 </home/krc/Linuxbog/wm/PdfBuildDir/licens.png (PNG c
opy)>]

Package Fancyhdr Warning: \fancyfoot's `E' option without twoside option is use
less on input line 7635.


Package Fancyhdr Warning: \fancyhead's `E' option without twoside option is use
less on input line 7635.


Package Fancyhdr Warning: \fancyfoot's `E' option without twoside option is use
less on input line 7898.

pdfTeX warning (ext4): destination with the same identifier (name{page.1}) has 
been already used, duplicate ignored
<to be read again> 
                   \relax 
l.7898 {1}}
           1.2. \Node% [1.0.17

]pdfTeX warning (ext4): destination with the same identifier (name{page.2}) has
 been already used, duplicate ignored
<to be read again> 
                   \relax 
l.8343 ...DisplayGroup{}\endNode{}\endSeq{}\endSpS
                                                  {}\endNode{}\Node% [2.0.17]

Package Fancyhdr Warning: \fancyfoot's `E' option without twoside option is use
less on input line 8431.


Package Fancyhdr Warning: \fancyhead's `E' option without twoside option is use
less on input line 8431.

LaTeX Font Info:    Try loading font information for T1+pcr on input line 8550.

(/usr/share/texmf-texlive/tex/latex/psnfss/t1pcr.fd
File: t1pcr.fd 2001/06/04 font definitions for T1/pcr.
)
LaTeX Font Info:    Font shape `T1/phv/bx/n' in size <14.4> not available
(Font)              Font shape `T1/phv/b/n' tried instead on input line 8720.

<GDM1_shot_crop.png, id=896, 522.95375pt x 336.25626pt>
File: GDM1_shot_crop.png Graphic file (type png)

<use GDM1_shot_crop.png>

Package Fancyhdr Warning: \fancyfoot's `E' option without twoside option is use
less on input line 8818.

[3.0.17

] <choosesession1_shot_crop.png, id=923, 451.6875pt x 299.1175pt>
File: choosesession1_shot_crop.png Graphic file (type png)

<use choosesession1_shot_crop.png> [4.0.17 </home/krc/Linuxbog/wm/PdfBuildDir/G
DM1_shot_crop.png (PNG copy)>] [5.0.17 </home/krc/Linuxbog/wm/PdfBuildDir/choos
esession1_shot_crop.png (PNG copy)>] <kdm.png, id=948, 381.425pt x 206.7725pt>
File: kdm.png Graphic file (type png)

<use kdm.png>
File: choosesession1_shot_crop.png Graphic file (type png)
 <use choosesession1_shot_crop.png> [6.0.17 </home/krc/Linuxbog/wm/PdfBuildDir/
kdm.png (PNG copy)>]
LaTeX Font Info:    Font shape `T1/phv/bx/n' in size <12> not available
(Font)              Font shape `T1/phv/b/n' tried instead on input line 9548.
 [7.0.17] [8.0.17]

Package Fancyhdr Warning: \fancyfoot's `E' option without twoside option is use
less on input line 9857.


Package Fancyhdr Warning: \fancyhead's `E' option without twoside option is use
less on input line 9857.


Package Fancyhdr Warning: \fancyfoot's `E' option without twoside option is use
less on input line 10280.

[9.0.17

] <9wm_full_screen.png, id=1013, 1027.84pt x 770.88pt>
File: 9wm_full_screen.png Graphic file (type png)

<use 9wm_full_screen.png>
Overfull \hbox (196.70876pt too wide) detected at line 10429
[] 
 []

[10.0.17] [11.0.17 </home/krc/Linuxbog/wm/PdfBuildDir/9wm_full_screen.png>]
[12.0.17] <9wm_med_9menu_full_screen.png, id=1071, 1027.84pt x 770.88pt>
File: 9wm_med_9menu_full_screen.png Graphic file (type png)

<use 9wm_med_9menu_full_screen.png>
Overfull \hbox (196.70876pt too wide) detected at line 11082
[] 
 []

[13.0.17] [14.0.17 </home/krc/Linuxbog/wm/PdfBuildDir/9wm_med_9menu_full_screen
.png>] [15.0.17] <aewm.png, id=1127, 1027.84pt x 770.88pt>
File: aewm.png Graphic file (type png)
 <use aewm.png>
Overfull \hbox (196.70876pt too wide) detected at line 11590
[] 
 []

[16.0.17 </home/krc/Linuxbog/wm/PdfBuildDir/aewm.png>] [17.0.17] [18.0.17]
[19.0.17]
LaTeX Font Info:    Font shape `T1/pcr/bx/n' in size <8.1> not available
(Font)              Font shape `T1/pcr/b/n' tried instead on input line 12937.

Overfull \hbox (255.54008pt too wide) in paragraph at lines 12932--12943
 []\T1/pcr/m/n/8.1 linux% []  \T1/pcr/b/n/8.1 wget []  ftp://ftp.lysator.liu.se
/pub/X11/wm/amiwm/amiwm0.20pl48.tar.gz (ftp://ftp.lysator.liu.se/pub/x11/wm/ami
wm/amiwm0.20pl48.tar.gz)[] 
 []

[20.0.17] <amiwm.png, id=1261, 1027.84pt x 770.88pt>
File: amiwm.png Graphic file (type png)
 <use amiwm.png>
Overfull \hbox (196.70876pt too wide) detected at line 13350
[] 
 []

[21.0.17] <amiwm_desk2.png, id=1270, 1027.84pt x 770.88pt>
File: amiwm_desk2.png Graphic file (type png)

<use amiwm_desk2.png>
Overfull \hbox (196.70876pt too wide) detected at line 13422
[] 
 []

[22.0.17 </home/krc/Linuxbog/wm/PdfBuildDir/amiwm.png>] [23.0.17 </home/krc/Lin
uxbog/wm/PdfBuildDir/amiwm_desk2.png>] [24.0.17]
<ctwm.png, id=1307, 803.0pt x 602.25pt>
File: ctwm.png Graphic file (type png)
 <use ctwm.png>
Overfull \hbox (61.80373pt too wide) detected at line 14156
[] 
 []

[25.0.17pdfTeX warning (ext4): destination with the same identifier (name{wm-am
iwm-skaermskud}) has been already used, duplicate ignored

\AtBegShi@Output ...ipout \box \AtBeginShipoutBox 
                                                  \fi \fi 
l.14156 {}}\endPar{}\endNode{}\endPar{}
                                       \endSeq{}\endDisplayGroup{}\endNode{}]
[26.0.17 </home/krc/Linuxbog/wm/PdfBuildDir/ctwm.png (PNG copy)>]
Overfull \hbox (1.19952pt too wide) in paragraph at lines 14513--14513
 []\T1/pcr/m/n/9 wingeom_entry   : string string { AddToList (&Scr->WindowGeome
tries, $1, $2) }[] 
 []


Overfull \hbox (6.59952pt too wide) in paragraph at lines 14541--14541
 []\T1/pcr/m/n/9 wingeom_entry   : string string { AddToList (&Scr->WindowGeome
tries, $1, $2); }[] 
 []

[27.0.17] [28.0.17] [29.0.17] [30.0.17]
<workspacemanager.png, id=1431, 361.35pt x 60.225pt>
File: workspacemanager.png Graphic file (type png)

<use workspacemanager.png> <inmapstate.png, id=1432, 373.395pt x 72.27pt>
File: inmapstate.png Graphic file (type png)

<use inmapstate.png> [31.0.17 </home/krc/Linuxbog/wm/PdfBuildDir/workspacemanag
er.png> </home/krc/Linuxbog/wm/PdfBuildDir/inmapstate.png (PNG copy)>]
<evilwm.png, id=1455, 1156.32pt x 867.24pt>
File: evilwm.png Graphic file (type png)
 <use evilwm.png>
Overfull \hbox (273.79736pt too wide) detected at line 16399
[] 
 []

[32.0.17] [33.0.17 </home/krc/Linuxbog/wm/PdfBuildDir/evilwm.png (PNG copy)>]
[34.0.17] [35.0.17] <flwm_menu.png, id=1552, 103.38625pt x 59.22125pt>
File: flwm_menu.png Graphic file (type png)

<use flwm_menu.png> [36.0.17 </home/krc/Linuxbog/wm/PdfBuildDir/flwm_menu.png (
PNG copy)>] <flwm_fullscreen.png, id=1572, 1027.84pt x 770.88pt>
File: flwm_fullscreen.png Graphic file (type png)

<use flwm_fullscreen.png>
Overfull \hbox (196.70876pt too wide) detected at line 17843
[] 
 []

[37.0.17 </home/krc/Linuxbog/wm/PdfBuildDir/flwm_fullscreen.png>]
Overfull \hbox (28.1995pt too wide) in paragraph at lines 17952--17952
 []\T1/pcr/m/n/9 lrwxrwxrwx    1 kvi      teknik         13 Dec 18 00:13 CD Pla
yer -> /usr/bin/grip*[] 
 []


Overfull \hbox (11.99951pt too wide) in paragraph at lines 17953--17953
 []\T1/pcr/m/n/9 lrwxrwxrwx    1 kvi      teknik         14 Dec 17 23:36 Emacs 
-> /usr/bin/emacs*[] 
 []


Overfull \hbox (55.19946pt too wide) in paragraph at lines 17954--17954
 []\T1/pcr/m/n/9 lrwxrwxrwx    1 kvi      teknik         18 Dec 17 23:35 Evolut
ion -> /usr/bin/evolution*[] 
 []


Overfull \hbox (141.59937pt too wide) in paragraph at lines 17958--17958
 []\T1/pcr/m/n/9 lrwxrwxrwx    1 kvi      teknik         29 Dec 18 00:13 Volume
 Control -> /usr/bin/gnome-volume-control*[] 
 []

[38.0.17] <4_fvwm2_med_julepynt_hel.png, id=1595, 1027.84pt x 770.88pt>
File: 4_fvwm2_med_julepynt_hel.png Graphic file (type png)

<use 4_fvwm2_med_julepynt_hel.png>
Overfull \hbox (196.70876pt too wide) detected at line 18212
[] 
 []

[39.0.17 </home/krc/Linuxbog/wm/PdfBuildDir/4_fvwm2_med_julepynt_hel.png (PNG c
opy)>] <4_virtuelle_skriveborde.png, id=1603, 385.44pt x 220.825pt>
File: 4_virtuelle_skriveborde.png Graphic file (type png)

<use 4_virtuelle_skriveborde.png> [40.0.17 </home/krc/Linuxbog/wm/PdfBuildDir/4
_virtuelle_skriveborde.png (PNG copy)>] [41.0.17]
Overfull \hbox (87.59943pt too wide) in paragraph at lines 19103--19103
 []\T1/pcr/m/n/9 Key T       A    CM     Exec xterm -fn 7x13 -ls -sb -rw -aw -s
l 256 +vb +mb -bg white -fg blue[] 
 []

[42.0.17] [43.0.17] <8_ion_01.png, id=1715, 1027.84pt x 770.88pt>
File: 8_ion_01.png Graphic file (type png)

<use 8_ion_01.png>
Overfull \hbox (196.70876pt too wide) detected at line 19971
[] 
 []

[44.0.17] [45.0.17 </home/krc/Linuxbog/wm/PdfBuildDir/8_ion_01.png (PNG copy)>]
[46.0.17] [47.0.17] [48.0.17] [49.0.17]
<metacity.png, id=1828, 1084.05pt x 813.0375pt>
File: metacity.png Graphic file (type png)
 <use metacity.png>
Overfull \hbox (230.43503pt too wide) detected at line 21462
[] 
 []

[50.0.17 </home/krc/Linuxbog/wm/PdfBuildDir/metacity.png>]
Overfull \hbox (114.5994pt too wide) in paragraph at lines 21828--21828
 []\T1/pcr/m/n/9 $ gconftool-2 --type=string --set /apps/metacity/global_keybin
dings/switch_to_workspace_1 '<Alt>F1'[] 
 []


Overfull \hbox (71.39944pt too wide) in paragraph at lines 21871--21871
 []\T1/pcr/m/n/9 $ gconftool-2 --type=string --set /apps/metacity/global_keybin
dings/run_command_1 '<Ctrl>x'[] 
 []

[51.0.17]
Overfull \hbox (44.39948pt too wide) in paragraph at lines 21872--21872
 []\T1/pcr/m/n/9 $ gconftool-2 --type=string --set /apps/metacity/keybinding_co
mmands/command_1 'xterm'[] 
 []

[52.0.17] [53.0.17] [54.0.17]
<pawm1_fullscreen.png, id=1933, 1027.84pt x 770.88pt>
File: pawm1_fullscreen.png Graphic file (type png)

<use pawm1_fullscreen.png>
Overfull \hbox (196.70876pt too wide) detected at line 23143
[] 
 []

[55.0.17] [56.0.17 </home/krc/Linuxbog/wm/PdfBuildDir/pawm1_fullscreen.png>]
<qvwm.png, id=1948, 1027.84pt x 770.88pt>
File: qvwm.png Graphic file (type png)
 <use qvwm.png>
Overfull \hbox (196.70876pt too wide) detected at line 23484
[] 
 []

[57.0.17] [58.0.17 </home/krc/Linuxbog/wm/PdfBuildDir/qvwm.png>]
<qvwmmenu.png, id=1975, 209.78375pt x 231.86626pt>
File: qvwmmenu.png Graphic file (type png)
 <use qvwmmenu.png> [59.0.17 </home/krc/Linuxbog/wm/PdfBuildDir/qvwmmenu.png (P
NG copy)>]
<qvwmpager.png, id=2000, 78.2925pt x 86.3225pt>
File: qvwmpager.png Graphic file (type png)
 <use qvwmpager.png> [60.0.17 </home/krc/Linuxbog/wm/PdfBuildDir/qvwmpager.png 
(PNG copy)>] [61.0.17]
<ratpoison.png, id=2043, 1028.84375pt x 770.88pt>
File: ratpoison.png Graphic file (type png)
 <use ratpoison.png>
Overfull \hbox (197.31102pt too wide) detected at line 24674
[] 
 []

[62.0.17 </home/krc/Linuxbog/wm/PdfBuildDir/ratpoison.png>] [63.0.17] [64.0.17]
<sawfish_gnome.png, id=2120, 867.24pt x 650.43pt>
File: sawfish_gnome.png Graphic file (type png)
 <use sawfish_gnome.png>
Overfull \hbox (100.34802pt too wide) detected at line 25782
[] 
 []

[65.0.17 </home/krc/Linuxbog/wm/PdfBuildDir/sawfish_gnome.png>] [66.0.17]
Overfull \hbox (238.79926pt too wide) in paragraph at lines 26433--26433
 []          \T1/pcr/m/n/9 '("Screensaver" (system "xlock -remote -nice 19 -nol
ock -mode random -modelist all -fullrandom -neighbors 0 &"))[] 
 []

<sawfish_themes.png, id=2164, 867.24pt x 650.43pt>
File: sawfish_themes.png Graphic file (type png)
 <use sawfish_themes.png>
Overfull \hbox (100.34802pt too wide) detected at line 26661
[] 
 []

[67.0.17] [68.0.17 </home/krc/Linuxbog/wm/PdfBuildDir/sawfish_themes.png>]
[69.0.17]
LaTeX Font Info:    Font shape `T1/phv/m/it' in size <10> not available
(Font)              Font shape `T1/phv/m/sl' tried instead on input line 27244.

 <twm_shot1.png, id=2211, 1027.84pt x 770.88pt>
File: twm_shot1.png Graphic file (type png)
 <use twm_shot1.png>
[70.0.17] [71.0.17 </home/krc/Linuxbog/wm/PdfBuildDir/twm_shot1.png (PNG copy)>
] [72.0.17] [73.0.17] <waimea_hel.png, id=2286, 1027.84pt x 770.88pt>
File: waimea_hel.png Graphic file (type png)

<use waimea_hel.png>
Overfull \hbox (196.70876pt too wide) detected at line 28329
[] 
 []

[74.0.17] [75.0.17 </home/krc/Linuxbog/wm/PdfBuildDir/waimea_hel.png (PNG copy)
>]
Overfull \hbox (17.3995pt too wide) in paragraph at lines 28657--28657
 []\T1/pcr/m/n/9 screen0.actionFile:         /usr/local/share/waimea/actions/ac
tion.click-to.focus[] 
 []

[76.0.17] <waimea_waiconfig.png, id=2336, 361.35pt x 411.5375pt>
File: waimea_waiconfig.png Graphic file (type png)

<use waimea_waiconfig.png> [77.0.17 </home/krc/Linuxbog/wm/PdfBuildDir/waimea_w
aiconfig.png (PNG copy)>] <wm2.png, id=2357, 1027.84pt x 770.88pt>
File: wm2.png Graphic file (type png)

<use wm2.png>
Overfull \hbox (196.70876pt too wide) detected at line 29167
[] 
 []

[78.0.17] [79.0.17 </home/krc/Linuxbog/wm/PdfBuildDir/wm2.png>] [80.0.17]
[81.0.17] [82.0.17] <windows_el_hel.png, id=2458, 1027.84pt x 770.88pt>
File: windows_el_hel.png Graphic file (type png)

<use windows_el_hel.png>
Overfull \hbox (196.70876pt too wide) detected at line 30437
[] 
 []

[83.0.17 </home/krc/Linuxbog/wm/PdfBuildDir/windows_el_hel.png (PNG copy)>]
<ingen_wm_hel.png, id=2471, 1027.84pt x 770.88pt>
File: ingen_wm_hel.png Graphic file (type png)
 <use ingen_wm_hel.png>
Overfull \hbox (196.70876pt too wide) detected at line 30821
[] 
 []

[84.0.17] [85.0.17 </home/krc/Linuxbog/wm/PdfBuildDir/ingen_wm_hel.png (PNG cop
y)>]

Package Fancyhdr Warning: \fancyfoot's `E' option without twoside option is use
less on input line 30933.


Package Fancyhdr Warning: \fancyhead's `E' option without twoside option is use
less on input line 30933.

<afterstep_fullscreen.png, id=2504, 1027.84pt x 770.88pt>
File: afterstep_fullscreen.png Graphic file (type png)

<use afterstep_fullscreen.png>
Overfull \hbox (196.70876pt too wide) detected at line 31157
[] 
 []


Package Fancyhdr Warning: \fancyfoot's `E' option without twoside option is use
less on input line 31157.

[86.0.17

] [87.0.17 </home/krc/Linuxbog/wm/PdfBuildDir/afterstep_fullscreen.png>] [88.0.
17] <afterstep_winlist.png, id=2563, 512.91624pt x 15.05624pt>
File: afterstep_winlist.png Graphic file (type png)

<use afterstep_winlist.png>
<afterstep_pager.png, id=2564, 279.0425pt x 69.25874pt>
File: afterstep_pager.png Graphic file (type png)

<use afterstep_pager.png> [89.0.17 </home/krc/Linuxbog/wm/PdfBuildDir/afterstep
_winlist.png (PNG copy)> </home/krc/Linuxbog/wm/PdfBuildDir/afterstep_pager.png
 (PNG copy)>] <afterstep_wharf.png, id=2599, 67.25125pt x 736.7525pt>
File: afterstep_wharf.png Graphic file (type png)

<use afterstep_wharf.png> [90.0.17] [91.0.17 </home/krc/Linuxbog/wm/PdfBuildDir
/afterstep_wharf.png (PNG copy)>] [92.0.17]
<afterstep_menu.png, id=2646, 401.5pt x 293.095pt>
File: afterstep_menu.png Graphic file (type png)
 <use afterstep_menu.png>
[93.0.17] [94.0.17 </home/krc/Linuxbog/wm/PdfBuildDir/afterstep_menu.png (PNG c
opy)>] <enlightenment2.png, id=2684, 803.0pt x 602.25pt>
File: enlightenment2.png Graphic file (type png)

<use enlightenment2.png>
Overfull \hbox (61.80373pt too wide) detected at line 33476
[] 
 []

[95.0.17] [96.0.17 </home/krc/Linuxbog/wm/PdfBuildDir/enlightenment2.png (PNG c
opy)>] <e_conf.png, id=2711, 640.3925pt x 379.4175pt>
File: e_conf.png Graphic file (type png)
 <use e_conf.png> [97.0.17 </home/krc/Linuxbog/wm/PdfBuildDir/e_conf.png (PNG c
opy)>]
<e_usermenu.png, id=2724, 273.02pt x 218.8175pt>
File: e_usermenu.png Graphic file (type png)
 <use e_usermenu.png>
<e_settingsmenu.png, id=2725, 206.7725pt x 248.93pt>
File: e_settingsmenu.png Graphic file (type png)
 <use e_settingsmenu.png>
[98.0.17 </home/krc/Linuxbog/wm/PdfBuildDir/e_usermenu.png (PNG copy)> </home/k
rc/Linuxbog/wm/PdfBuildDir/e_settingsmenu.png (PNG copy)>]
<e_middlemenu.png, id=2738, 293.095pt x 162.6075pt>
File: e_middlemenu.png Graphic file (type png)
 <use e_middlemenu.png>
[99.0.17 </home/krc/Linuxbog/wm/PdfBuildDir/e_middlemenu.png (PNG copy)>]
<e_titlebar.png, id=2756, 426.59375pt x 23.08624pt>
File: e_titlebar.png Graphic file (type png)
 <use e_titlebar.png>
<e_icon.png, id=2757, 165.61874pt x 74.2775pt>
File: e_icon.png Graphic file (type png)
 <use e_icon.png> [100.0.17 </home/krc/Linuxbog/wm/PdfBuildDir/e_titlebar.png>]

<e_pager2.png, id=2783, 145.54375pt x 205.76875pt>
File: e_pager2.png Graphic file (type png)
 <use e_pager2.png> [101.0.17 </home/krc/Linuxbog/wm/PdfBuildDir/e_icon.png>]
<e_dragbar2.png, id=2798, 803.0pt x 602.25pt>
File: e_dragbar2.png Graphic file (type png)
 <use e_dragbar2.png>
Overfull \hbox (61.80373pt too wide) detected at line 35184
[] 
 []

[102.0.17 </home/krc/Linuxbog/wm/PdfBuildDir/e_pager2.png>] [103.0.17 </home/kr
c/Linuxbog/wm/PdfBuildDir/e_dragbar2.png (PNG copy)>]
<eterm.png, id=2822, 420.57124pt x 289.08pt>
File: eterm.png Graphic file (type png)
 <use eterm.png> [104.0.17 </home/krc/Linuxbog/wm/PdfBuildDir/eterm.png>] [105.
0.17]
<fluxbox_menu.png, id=2869, 106.3975pt x 252.945pt>
File: fluxbox_menu.png Graphic file (type png)
 <use fluxbox_menu.png>
[106.0.17]
Overfull \hbox (6.59952pt too wide) in paragraph at lines 36570--36570
 []\T1/pcr/m/n/9 # [end] must be used with BOTH [begin] and [submenu] to tell t
he parser to stop[] 
 []

[107.0.17 </home/krc/Linuxbog/wm/PdfBuildDir/fluxbox_menu.png (PNG copy)>]
Overfull \hbox (1.19952pt too wide) in paragraph at lines 36581--36581
 []\T1/pcr/m/n/9 #  files.  {string} is optional, and if supplied, will execute
 the string with[] 
 []


Overfull \hbox (1.19952pt too wide) in paragraph at lines 36603--36603
 []\T1/pcr/m/n/9 # This tells Blackbox to insert the ConfigMenu into your menu.
  The ConfigMenu[] 
 []


Overfull \hbox (1.19952pt too wide) in paragraph at lines 36604--36604
 []\T1/pcr/m/n/9 # allows you to change several options found in your ~/.blackb
oxrc file on the[] 
 []

[108.0.17] <fluxbox_fullscreen.png, id=2924, 1027.84pt x 770.88pt>
File: fluxbox_fullscreen.png Graphic file (type png)

<use fluxbox_fullscreen.png>
Overfull \hbox (196.70876pt too wide) detected at line 36871
[] 
 []

[109.0.17 </home/krc/Linuxbog/wm/PdfBuildDir/fluxbox_fullscreen.png (PNG copy)>
] <fluxbox_toolbar.png, id=2934, 687.56876pt x 22.0825pt>
File: fluxbox_toolbar.png Graphic file (type png)

<use fluxbox_toolbar.png> <fluxbox_tab.png, id=2935, 243.91125pt x 48.18pt>
File: fluxbox_tab.png Graphic file (type png)

<use fluxbox_tab.png> [110.0.17 </home/krc/Linuxbog/wm/PdfBuildDir/fluxbox_tool
bar.png (PNG copy)> </home/krc/Linuxbog/wm/PdfBuildDir/fluxbox_tab.png (PNG cop
y)>] <fluxbox_slit.png, id=2959, 72.27pt x 523.9575pt>
File: fluxbox_slit.png Graphic file (type png)
 <use fluxbox_slit.png>
[111.0.17 </home/krc/Linuxbog/wm/PdfBuildDir/fluxbox_slit.png (PNG copy)>]
<fluxbox_fluxconf075.png, id=2979, 381.425pt x 270.00874pt>
File: fluxbox_fluxconf075.png Graphic file (type png)

<use fluxbox_fluxconf075.png> [112.0.17 </home/krc/Linuxbog/wm/PdfBuildDir/flux
box_fluxconf075.png (PNG copy)>]
<fluxbox_fluxkeys075.png, id=2996, 468.75125pt x 154.5775pt>
File: fluxbox_fluxkeys075.png Graphic file (type png)

<use fluxbox_fluxkeys075.png>
Overfull \hbox (124.32007pt too wide) in paragraph at lines 38046--38051
 []\T1/pcr/m/n/8.1 tyge@hven:~% []  \T1/pcr/b/n/8.1 su - -c 'rpm --upgrade icew
m-common-1.2.0-1.noarch.rpm icewm-default-1.2.0-1.i386.rpm && echo O.k.'[] 
 []

[113.0.17 </home/krc/Linuxbog/wm/PdfBuildDir/fluxbox_fluxkeys075.png (PNG copy)
>] <icewm_med_startmenu.png, id=3018, 1027.84pt x 770.88pt>
File: icewm_med_startmenu.png Graphic file (type png)

<use icewm_med_startmenu.png>
Overfull \hbox (196.70876pt too wide) detected at line 38376
[] 
 []

[114.0.17] [115.0.17 </home/krc/Linuxbog/wm/PdfBuildDir/icewm_med_startmenu.png
 (PNG copy)>]
Overfull \hbox (12.54005pt too wide) in paragraph at lines 38585--38590
 []\T1/pcr/m/n/8.1 tyge@hven:~% []  \T1/pcr/b/n/8.1 cp /usr/X11R6/lib/X11/icewm
/{preferences,toolbar,winoptions} ${HOME}/.icewm/[] 
 []

<icewm_startknap.png, id=3046, 59.22125pt x 28.105pt>
File: icewm_startknap.png Graphic file (type png)

<use icewm_startknap.png> [116.0.17 </home/krc/Linuxbog/wm/PdfBuildDir/icewm_st
artknap.png (PNG copy)>] [117.0.17] <wmaker.png, id=3102, 803.0pt x 602.25pt>
File: wmaker.png Graphic file (type png)

<use wmaker.png>
Overfull \hbox (61.80373pt too wide) detected at line 39366
[] 
 []

[118.0.17 </home/krc/Linuxbog/wm/PdfBuildDir/wmaker.png (PNG copy)>]
<wmaker_conf_icon.png, id=3112, 64.24pt x 64.24pt>
File: wmaker_conf_icon.png Graphic file (type png)
 <use wmaker_conf_icon.png>
<wmaker_preferences.png, id=3113, 521.95pt x 391.4625pt>
File: wmaker_preferences.png Graphic file (type png)

<use wmaker_preferences.png> [119.0.17 </home/krc/Linuxbog/wm/PdfBuildDir/wmake
r_conf_icon.png>]
LaTeX Font Info:    Font shape `T1/phv/bx/n' in size <9> not available
(Font)              Font shape `T1/phv/b/n' tried instead on input line 39757.
 <wmaker_menu.png, id=3129, 159.59625pt x 284.06125pt>
File: wmaker_menu.png Graphic file (type png)

<use wmaker_menu.png> [120.0.17 </home/krc/Linuxbog/wm/PdfBuildDir/wmaker_prefe
rences.png>] <wmaker_menu_icon.png, id=3145, 62.2325pt x 63.23625pt>
File: wmaker_menu_icon.png Graphic file (type png)

<use wmaker_menu_icon.png>
<wmaker_menu_conf.png, id=3146, 675.52374pt x 430.60875pt>
File: wmaker_menu_conf.png Graphic file (type png)

<use wmaker_menu_conf.png> [121.0.17 </home/krc/Linuxbog/wm/PdfBuildDir/wmaker_
menu.png (PNG copy)> </home/krc/Linuxbog/wm/PdfBuildDir/wmaker_menu_icon.png>]
<wmaker_clip.png, id=3156, 64.24pt x 64.24pt>
File: wmaker_clip.png Graphic file (type png)
 <use wmaker_clip.png> [122.0.17 </home/krc/Linuxbog/wm/PdfBuildDir/wmaker_menu
_conf.png> </home/krc/Linuxbog/wm/PdfBuildDir/wmaker_clip.png (PNG copy)>]
<wmaker_dock.png, id=3168, 64.24pt x 64.24pt>
File: wmaker_dock.png Graphic file (type png)
 <use wmaker_dock.png>
<wmaker_emacsdocked.png, id=3169, 66.2475pt x 254.9525pt>
File: wmaker_emacsdocked.png Graphic file (type png)

<use wmaker_emacsdocked.png> [123.0.17 </home/krc/Linuxbog/wm/PdfBuildDir/wmake
r_dock.png (PNG copy)> </home/krc/Linuxbog/wm/PdfBuildDir/wmaker_emacsdocked.pn
g (PNG copy)>] <medetermaaben.png, id=3181, 65.24374pt x 65.24374pt>
File: medetermaaben.png Graphic file (type png)

<use medetermaaben.png> <medetermlukket.png, id=3182, 63.23625pt x 63.23625pt>
File: medetermlukket.png Graphic file (type png)

<use medetermlukket.png> [124.0.17 </home/krc/Linuxbog/wm/PdfBuildDir/medeterma
aben.png> </home/krc/Linuxbog/wm/PdfBuildDir/medetermlukket.png>]
<wmaker_applets.png, id=3198, 64.24pt x 317.185pt>
File: wmaker_applets.png Graphic file (type png)
 <use wmaker_applets.png>
[125.0.17] <load-and.png, id=3223, 64.24pt x 64.24pt>
File: load-and.png Graphic file (type png)
 <use load-and.png>
[126.0.17 </home/krc/Linuxbog/wm/PdfBuildDir/wmaker_applets.png (PNG copy)> </h
ome/krc/Linuxbog/wm/PdfBuildDir/load-and.png>]
<raisedelay.png, id=3242, 253.94875pt x 78.2925pt>
File: raisedelay.png Graphic file (type png)
 <use raisedelay.png>
[127.0.17 </home/krc/Linuxbog/wm/PdfBuildDir/raisedelay.png>]
<wmaker_focus.png, id=3272, 523.9575pt x 415.5525pt>
File: wmaker_focus.png Graphic file (type png)
 <use wmaker_focus.png>
[128.0.17 </home/krc/Linuxbog/wm/PdfBuildDir/wmaker_focus.png (PNG copy)>]
<wmaker_workspace_icon.png, id=3293, 66.2475pt x 66.2475pt>
File: wmaker_workspace_icon.png Graphic file (type png)

<use wmaker_workspace_icon.png> [129.0.17pdfTeX warning (ext4): destination wit
h the same identifier (name{wm-windowmaker-workspaces}) has been already used, 
duplicate ignored

\AtBegShi@Output ...ipout \box \AtBeginShipoutBox 
                                                  \fi \fi 
l.42159 {1}}
             </home/krc/Linuxbog/wm/PdfBuildDir/wmaker_workspace_icon.png>]
<xfce.png, id=3314, 1405.25pt x 1053.9375pt>
File: xfce.png Graphic file (type png)
 <use xfce.png>
Overfull \hbox (423.15652pt too wide) detected at line 42468
[] 
 []

[130.0.17]
Overfull \vbox (66.85335pt too high) has occurred while \output is active []


[131.0.17 </home/krc/Linuxbog/wm/PdfBuildDir/xfce.png (PNG copy)>] [132.0.17]

Package Fancyhdr Warning: \fancyfoot's `E' option without twoside option is use
less on input line 42968.


Package Fancyhdr Warning: \fancyhead's `E' option without twoside option is use
less on input line 42968.

<Gnome.png, id=3366, 622.94704pt x 441.76309pt>
File: Gnome.png Graphic file (type png)
 <use Gnome.png>

Package Fancyhdr Warning: \fancyfoot's `E' option without twoside option is use
less on input line 43239.

[133.0.17

 </home/krc/Linuxbog/wm/PdfBuildDir/Gnome.png (PNG copy)>]
<gnome-panel.png, id=3380, 605.26125pt x 56.21pt>
File: gnome-panel.png Graphic file (type png)
 <use gnome-panel.png>
<gnome-control.png, id=3381, 778.91pt x 553.06625pt>
File: gnome-control.png Graphic file (type png)
 <use gnome-control.png>
[134.0.17pdfTeX warning (ext4): destination with the same identifier (name{GUI-
Gnome-panel}) has been already used, duplicate ignored

\AtBegShi@Output ...ipout \box \AtBeginShipoutBox 
                                                  \fi \fi 
l.43541 {}}\endPar{}\endNode{}\endPar{}
                                       \endSeq{}\endDisplayGroup{}\endNode{}...
 </home/krc/Linuxbog/wm/PdfBuildDir/gnome-panel.png (PNG copy)>]
<gnome-lyd.png, id=3396, 660.4675pt x 534.99875pt>
File: gnome-lyd.png Graphic file (type png)
 <use gnome-lyd.png> [135.0.17 </home/krc/Linuxbog/wm/PdfBuildDir/gnome-control
.png (PNG copy)>] [136.0.17 </home/krc/Linuxbog/wm/PdfBuildDir/gnome-lyd.png (P
NG copy)>]
<gnome-pim.png, id=3424, 649.42625pt x 487.8225pt>
File: gnome-pim.png Graphic file (type png)
 <use gnome-pim.png>
<evolution_inbox.png, id=3425, 512.01457pt x 526.43735pt>
File: evolution_inbox.png Graphic file (type png)

<use evolution_inbox.png> [137.0.17 </home/krc/Linuxbog/wm/PdfBuildDir/gnome-pi
m.png (PNG copy)>]
<evolution_calendar2.png, id=3437, 512.01457pt x 526.43735pt>
File: evolution_calendar2.png Graphic file (type png)

<use evolution_calendar2.png> [138.0.17 </home/krc/Linuxbog/wm/PdfBuildDir/evol
ution_inbox.png (PNG copy)> </home/krc/Linuxbog/wm/PdfBuildDir/evolution_calend
ar2.png (PNG copy)>] <kde2.png, id=3444, 803.0pt x 602.25pt>
File: kde2.png Graphic file (type png)
 <use kde2.png>
Overfull \hbox (61.80373pt too wide) detected at line 44185
[] 
 []

[139.0.17 </home/krc/Linuxbog/wm/PdfBuildDir/kde2.png (PNG copy)>]
<kmenu.png, id=3456, 47.17625pt x 44.165pt>
File: kmenu.png Graphic file (type png)
 <use kmenu.png>
<kcontrol.png, id=3457, 43.16125pt x 43.16125pt>
File: kcontrol.png Graphic file (type png)
 <use kcontrol.png> [140.0.17 </home/krc/Linuxbog/wm/PdfBuildDir/kmenu.png> </h
ome/krc/Linuxbog/wm/PdfBuildDir/kcontrol.png>] <minimize.png, id=3484, 84.315pt
 x 26.0975pt>
File: minimize.png Graphic file (type png)

<use minimize.png> <taskbar.png, id=3485, 547.04375pt x 23.08624pt>
File: taskbar.png Graphic file (type png)

<use taskbar.png> <sticky.png, id=3486, 18.0675pt x 17.06375pt>
File: sticky.png Graphic file (type png)

<use sticky.png> [141.0.17 </home/krc/Linuxbog/wm/PdfBuildDir/minimize.png> </h
ome/krc/Linuxbog/wm/PdfBuildDir/taskbar.png> </home/krc/Linuxbog/wm/PdfBuildDir
/sticky.png>] <kde2konqueror.png, id=3513, 682.2288pt x 487.5816pt>
File: kde2konqueror.png Graphic file (type png)

<use kde2konqueror.png> [142.0.17]
<kde2konqueror2.png, id=3530, 641.39626pt x 423.5825pt>
File: kde2konqueror2.png Graphic file (type png)

<use kde2konqueror2.png> [143.0.17 </home/krc/Linuxbog/wm/PdfBuildDir/kde2konqu
eror.png (PNG copy)> </home/krc/Linuxbog/wm/PdfBuildDir/kde2konqueror2.png (PNG
 copy)>] <kde2konqueror3.png, id=3543, 595.22375pt x 554.07pt>
File: kde2konqueror3.png Graphic file (type png)

<use kde2konqueror3.png> [144.0.17 </home/krc/Linuxbog/wm/PdfBuildDir/kde2konqu
eror3.png (PNG copy)>] <kde2kspread.png, id=3562, 657.1752pt x 566.5968pt>
File: kde2kspread.png Graphic file (type png)

<use kde2kspread.png> [145.0.17]
<kde2kword.png, id=3596, 710.655pt x 628.3475pt>
File: kde2kword.png Graphic file (type png)
 <use kde2kword.png> [146.0.17 </home/krc/Linuxbog/wm/PdfBuildDir/kde2kspread.p
ng (PNG copy)> </home/krc/Linuxbog/wm/PdfBuildDir/kde2kword.png (PNG copy)>]
<kde2dnd.png, id=3607, 320.19624pt x 297.11pt>
File: kde2dnd.png Graphic file (type png)
 <use kde2dnd.png>
<kde2kmail.png, id=3608, 848.9316pt x 600.3228pt>
File: kde2kmail.png Graphic file (type png)
 <use kde2kmail.png>
<kde2knode.png, id=3609, 911.5656pt x 622.4856pt>
File: kde2knode.png Graphic file (type png)
 <use kde2knode.png> [147.0.17 </home/krc/Linuxbog/wm/PdfBuildDir/kde2dnd.png (
PNG copy)> </home/krc/Linuxbog/wm/PdfBuildDir/kde2kmail.png (PNG copy)>]
<kpf2.png, id=3621, 530.98375pt x 482.80376pt>
File: kpf2.png Graphic file (type png)
 <use kpf2.png> [148.0.17 </home/krc/Linuxbog/wm/PdfBuildDir/kde2knode.png (PNG
 copy)>]
<kpf3.png, id=3643, 1027.84pt x 46.1725pt>
File: kpf3.png Graphic file (type png)
 <use kpf3.png>
Overfull \hbox (196.70876pt too wide) detected at line 46803
[] 
 []

<kpf4.png, id=3644, 378.41376pt x 304.13625pt>
File: kpf4.png Graphic file (type png)
 <use kpf4.png> [149.0.17 </home/krc/Linuxbog/wm/PdfBuildDir/kpf2.png (PNG copy
)> </home/krc/Linuxbog/wm/PdfBuildDir/kpf3.png (PNG copy)>] <kpf5.png, id=3653,
 378.41376pt x 304.13625pt>
File: kpf5.png Graphic file (type png)

<use kpf5.png> <kpf6.png, id=3654, 378.41376pt x 304.13625pt>
File: kpf6.png Graphic file (type png)
 <use kpf6.png>
[150.0.17 </home/krc/Linuxbog/wm/PdfBuildDir/kpf4.png (PNG copy)> </home/krc/Li
nuxbog/wm/PdfBuildDir/kpf5.png (PNG copy)>]
<kpf7.png, id=3664, 1027.84pt x 46.1725pt>
File: kpf7.png Graphic file (type png)
 <use kpf7.png>
Overfull \hbox (196.70876pt too wide) detected at line 47083
[] 
 []

<kpf_web.png, id=3665, 493.845pt x 308.15125pt>
File: kpf_web.png Graphic file (type png)
 <use kpf_web.png> [151.0.17 </home/krc/Linuxbog/wm/PdfBuildDir/kpf6.png (PNG c
opy)> </home/krc/Linuxbog/wm/PdfBuildDir/kpf7.png (PNG copy)>] [152.0.17 </home
/krc/Linuxbog/wm/PdfBuildDir/kpf_web.png (PNG copy)>]

Package Fancyhdr Warning: \fancyfoot's `E' option without twoside option is use
less on input line 47355.


Package Fancyhdr Warning: \fancyhead's `E' option without twoside option is use
less on input line 47355.

<xdm.png, id=3684, 770.88pt x 578.16pt>
File: xdm.png Graphic file (type png)
 <use xdm.png>
Overfull \hbox (42.53157pt too wide) detected at line 47539
[] 
 []


Package Fancyhdr Warning: \fancyfoot's `E' option without twoside option is use
less on input line 47543.

[153.0.17

 </home/krc/Linuxbog/wm/PdfBuildDir/xdm.png>]
! Missing \endcsname inserted.
<to be read again> 
                   \T1\ae 
l.47556 {1}}
            \Seq%
The control sequence marked <to be read again> should
not appear between \csname and \endcsname.

! Missing \endcsname inserted.
<to be read again> 
                   \T1\ae 
l.47556 {1}}
            \Seq%
The control sequence marked <to be read again> should
not appear between \csname and \endcsname.

! Missing \endcsname inserted.
<to be read again> 
                   \T1\ae 
l.47556 {1}}
            \Seq%
The control sequence marked <to be read again> should
not appear between \csname and \endcsname.


Overfull \hbox (1.19952pt too wide) in paragraph at lines 47718--47718
 []\T1/pcr/m/n/9 xlogin*promptFont: -adobe-helvetica-bold-r-normal--12-120-75-7
5-p-70-iso8859-1[] 
 []

[154.0.17] [155.0.17]

Package Fancyhdr Warning: \fancyfoot's `E' option without twoside option is use
less on input line 48158.


Package Fancyhdr Warning: \fancyhead's `E' option without twoside option is use
less on input line 48158.


Package Fancyhdr Warning: \fancyfoot's `E' option without twoside option is use
less on input line 48401.

[156.0.17

]

Package Fancyhdr Warning: \fancyfoot's `E' option without twoside option is use
less on input line 48489.


Package Fancyhdr Warning: \fancyhead's `E' option without twoside option is use
less on input line 48489.


Package Fancyhdr Warning: \fancyfoot's `E' option without twoside option is use
less on input line 48957.

[157.0.17

] [158.0.17]

Package Fancyhdr Warning: \fancyfoot's `E' option without twoside option is use
less on input line 49045.


Package Fancyhdr Warning: \fancyhead's `E' option without twoside option is use
less on input line 49045.


Package Fancyhdr Warning: \fancyfoot's `E' option without twoside option is use
less on input line 50416.

[159.0.17

] [160.0.17] [161.0.17] (/home/krc/Linuxbog/wm/PdfBuildDir/bog.aux
! Missing \endcsname inserted.
<to be read again> 
                   \T1\ae 
l.407 \pagelabel{xdm-ops\IeC {\ae }tning}{154}
                                              
The control sequence marked <to be read again> should
not appear between \csname and \endcsname.

) ) 
Here is how much of TeX's memory you used:
 9307 strings out of 482829
 74970 string characters out of 1047434
 288810 words of memory out of 3085000
 21549 multiletter control sequences out of 15000+50000
 54463 words of font info for 62 fonts, out of 3000000 for 9000
 28 hyphenation exceptions out of 8191
 28i,13n,45p,1032b,5339s stack positions out of 5000i,500n,10000p,200000b,50000s
{/usr/share/texmf-texlive/fonts/enc/dvips/base/8r.enc}</usr/share/texmf-texl
ive/fonts/type1/urw/courier/ucrb8a.pfb></usr/share/texmf-texlive/fonts/type1/ur
w/courier/ucrr8a.pfb></usr/share/texmf-texlive/fonts/type1/urw/helvetic/uhvb8a.
pfb></usr/share/texmf-texlive/fonts/type1/urw/helvetic/uhvr8a.pfb></usr/share/t
exmf-texlive/fonts/type1/urw/helvetic/uhvro8a.pfb></usr/share/texmf-texlive/fon
ts/type1/urw/times/utmb8a.pfb></usr/share/texmf-texlive/fonts/type1/urw/times/u
tmr8a.pfb></usr/share/texmf-texlive/fonts/type1/urw/times/utmri8a.pfb>
Output written on bog.pdf (172 pages, 6759912 bytes).
PDF statistics:
 4779 PDF objects out of 5155 (max. 8388607)
 2822 named destinations out of 2984 (max. 500000)
 511 words of extra memory for PDF output out of 10000 (max. 10000000)

